mode: set
github.com/arek-e/D7024E-Group-22/app/cmd/kademlia/bucket.go:14.26,18.2 3 1
github.com/arek-e/D7024E-Group-22/app/cmd/kademlia/bucket.go:22.51,24.55 2 1
github.com/arek-e/D7024E-Group-22/app/cmd/kademlia/bucket.go:24.55,27.34 2 1
github.com/arek-e/D7024E-Group-22/app/cmd/kademlia/bucket.go:27.34,29.4 1 0
github.com/arek-e/D7024E-Group-22/app/cmd/kademlia/bucket.go:32.2,32.20 1 1
github.com/arek-e/D7024E-Group-22/app/cmd/kademlia/bucket.go:32.20,33.37 1 1
github.com/arek-e/D7024E-Group-22/app/cmd/kademlia/bucket.go:33.37,35.4 1 1
github.com/arek-e/D7024E-Group-22/app/cmd/kademlia/bucket.go:36.8,38.3 1 0
github.com/arek-e/D7024E-Group-22/app/cmd/kademlia/bucket.go:43.79,46.63 2 1
github.com/arek-e/D7024E-Group-22/app/cmd/kademlia/bucket.go:46.63,50.3 3 1
github.com/arek-e/D7024E-Group-22/app/cmd/kademlia/bucket.go:52.2,52.17 1 1
github.com/arek-e/D7024E-Group-22/app/cmd/kademlia/bucket.go:56.33,58.2 1 0
github.com/arek-e/D7024E-Group-22/app/cmd/kademlia/contact.go:17.57,19.2 1 1
github.com/arek-e/D7024E-Group-22/app/cmd/kademlia/contact.go:23.58,25.2 1 1
github.com/arek-e/D7024E-Group-22/app/cmd/kademlia/contact.go:28.58,30.2 1 1
github.com/arek-e/D7024E-Group-22/app/cmd/kademlia/contact.go:33.41,35.2 1 1
github.com/arek-e/D7024E-Group-22/app/cmd/kademlia/contact.go:44.65,46.2 1 1
github.com/arek-e/D7024E-Group-22/app/cmd/kademlia/contact.go:49.71,51.2 1 1
github.com/arek-e/D7024E-Group-22/app/cmd/kademlia/contact.go:54.45,56.2 1 1
github.com/arek-e/D7024E-Group-22/app/cmd/kademlia/contact.go:59.48,61.2 1 1
github.com/arek-e/D7024E-Group-22/app/cmd/kademlia/contact.go:65.53,67.2 1 1
github.com/arek-e/D7024E-Group-22/app/cmd/kademlia/contact.go:71.58,73.2 1 1
github.com/arek-e/D7024E-Group-22/app/cmd/kademlia/kademlia.go:6.59,8.2 0 0
github.com/arek-e/D7024E-Group-22/app/cmd/kademlia/kademlia.go:10.52,12.2 0 0
github.com/arek-e/D7024E-Group-22/app/cmd/kademlia/kademlia.go:14.47,16.2 0 0
github.com/arek-e/D7024E-Group-22/app/cmd/kademlia/kademliaid.go:15.45,19.32 3 1
github.com/arek-e/D7024E-Group-22/app/cmd/kademlia/kademliaid.go:19.32,21.3 1 1
github.com/arek-e/D7024E-Group-22/app/cmd/kademlia/kademliaid.go:23.2,23.23 1 1
github.com/arek-e/D7024E-Group-22/app/cmd/kademlia/kademliaid.go:28.40,30.32 2 0
github.com/arek-e/D7024E-Group-22/app/cmd/kademlia/kademliaid.go:30.32,32.3 1 0
github.com/arek-e/D7024E-Group-22/app/cmd/kademlia/kademliaid.go:33.2,33.23 1 0
github.com/arek-e/D7024E-Group-22/app/cmd/kademlia/kademliaid.go:37.69,38.32 1 1
github.com/arek-e/D7024E-Group-22/app/cmd/kademlia/kademliaid.go:38.32,39.42 1 1
github.com/arek-e/D7024E-Group-22/app/cmd/kademlia/kademliaid.go:39.42,41.4 1 1
github.com/arek-e/D7024E-Group-22/app/cmd/kademlia/kademliaid.go:43.2,43.14 1 0
github.com/arek-e/D7024E-Group-22/app/cmd/kademlia/kademliaid.go:47.71,48.32 1 1
github.com/arek-e/D7024E-Group-22/app/cmd/kademlia/kademliaid.go:48.32,49.42 1 1
github.com/arek-e/D7024E-Group-22/app/cmd/kademlia/kademliaid.go:49.42,51.4 1 1
github.com/arek-e/D7024E-Group-22/app/cmd/kademlia/kademliaid.go:53.2,53.13 1 0
github.com/arek-e/D7024E-Group-22/app/cmd/kademlia/kademliaid.go:58.75,60.32 2 1
github.com/arek-e/D7024E-Group-22/app/cmd/kademlia/kademliaid.go:60.32,62.3 1 1
github.com/arek-e/D7024E-Group-22/app/cmd/kademlia/kademliaid.go:63.2,63.16 1 1
github.com/arek-e/D7024E-Group-22/app/cmd/kademlia/kademliaid.go:67.47,69.2 1 1
github.com/arek-e/D7024E-Group-22/app/cmd/kademlia/network.go:6.35,8.2 0 0
github.com/arek-e/D7024E-Group-22/app/cmd/kademlia/network.go:10.60,12.2 0 0
github.com/arek-e/D7024E-Group-22/app/cmd/kademlia/network.go:14.67,16.2 0 0
github.com/arek-e/D7024E-Group-22/app/cmd/kademlia/network.go:18.59,20.2 0 0
github.com/arek-e/D7024E-Group-22/app/cmd/kademlia/network.go:22.56,24.2 0 0
github.com/arek-e/D7024E-Group-22/app/cmd/kademlia/routingtable.go:13.48,15.34 2 1
github.com/arek-e/D7024E-Group-22/app/cmd/kademlia/routingtable.go:15.34,17.3 1 1
github.com/arek-e/D7024E-Group-22/app/cmd/kademlia/routingtable.go:18.2,19.21 2 1
github.com/arek-e/D7024E-Group-22/app/cmd/kademlia/routingtable.go:23.63,27.2 3 1
github.com/arek-e/D7024E-Group-22/app/cmd/kademlia/routingtable.go:30.96,37.98 5 1
github.com/arek-e/D7024E-Group-22/app/cmd/kademlia/routingtable.go:37.98,38.25 1 1
github.com/arek-e/D7024E-Group-22/app/cmd/kademlia/routingtable.go:38.25,41.4 2 0
github.com/arek-e/D7024E-Group-22/app/cmd/kademlia/routingtable.go:42.3,42.33 1 1
github.com/arek-e/D7024E-Group-22/app/cmd/kademlia/routingtable.go:42.33,45.4 2 1
github.com/arek-e/D7024E-Group-22/app/cmd/kademlia/routingtable.go:48.2,50.30 2 1
github.com/arek-e/D7024E-Group-22/app/cmd/kademlia/routingtable.go:50.30,52.3 1 1
github.com/arek-e/D7024E-Group-22/app/cmd/kademlia/routingtable.go:54.2,54.38 1 1
github.com/arek-e/D7024E-Group-22/app/cmd/kademlia/routingtable.go:58.70,60.32 2 1
github.com/arek-e/D7024E-Group-22/app/cmd/kademlia/routingtable.go:60.32,61.26 1 1
github.com/arek-e/D7024E-Group-22/app/cmd/kademlia/routingtable.go:61.26,62.42 1 1
github.com/arek-e/D7024E-Group-22/app/cmd/kademlia/routingtable.go:62.42,64.5 1 1
github.com/arek-e/D7024E-Group-22/app/cmd/kademlia/routingtable.go:68.2,68.23 1 1
