mode: set
github.com/arek-e/D7024E/app/internal/bucket.go:14.26,18.2 3 1
github.com/arek-e/D7024E/app/internal/bucket.go:22.51,24.55 2 1
github.com/arek-e/D7024E/app/internal/bucket.go:24.55,27.34 2 1
github.com/arek-e/D7024E/app/internal/bucket.go:27.34,29.4 1 1
github.com/arek-e/D7024E/app/internal/bucket.go:32.2,32.20 1 1
github.com/arek-e/D7024E/app/internal/bucket.go:32.20,33.37 1 1
github.com/arek-e/D7024E/app/internal/bucket.go:33.37,35.4 1 1
github.com/arek-e/D7024E/app/internal/bucket.go:36.8,38.3 1 1
github.com/arek-e/D7024E/app/internal/bucket.go:41.54,43.55 2 1
github.com/arek-e/D7024E/app/internal/bucket.go:43.55,46.34 2 1
github.com/arek-e/D7024E/app/internal/bucket.go:46.34,48.4 1 1
github.com/arek-e/D7024E/app/internal/bucket.go:51.2,51.20 1 1
github.com/arek-e/D7024E/app/internal/bucket.go:51.20,53.3 1 1
github.com/arek-e/D7024E/app/internal/bucket.go:58.79,61.63 2 1
github.com/arek-e/D7024E/app/internal/bucket.go:61.63,65.3 3 1
github.com/arek-e/D7024E/app/internal/bucket.go:67.2,67.17 1 1
github.com/arek-e/D7024E/app/internal/bucket.go:71.33,73.2 1 1
github.com/arek-e/D7024E/app/internal/contact.go:17.57,19.2 1 1
github.com/arek-e/D7024E/app/internal/contact.go:23.58,25.2 1 1
github.com/arek-e/D7024E/app/internal/contact.go:28.58,30.2 1 1
github.com/arek-e/D7024E/app/internal/contact.go:33.41,35.2 1 1
github.com/arek-e/D7024E/app/internal/contact.go:44.65,46.2 1 1
github.com/arek-e/D7024E/app/internal/contact.go:49.71,51.2 1 1
github.com/arek-e/D7024E/app/internal/contact.go:54.45,56.2 1 1
github.com/arek-e/D7024E/app/internal/contact.go:59.48,61.2 1 1
github.com/arek-e/D7024E/app/internal/contact.go:65.53,67.2 1 1
github.com/arek-e/D7024E/app/internal/contact.go:71.58,73.2 1 1
github.com/arek-e/D7024E/app/internal/datastore.go:8.32,13.2 3 1
github.com/arek-e/D7024E/app/internal/datastore.go:15.55,17.2 1 1
github.com/arek-e/D7024E/app/internal/datastore.go:19.68,22.2 2 1
github.com/arek-e/D7024E/app/internal/kademlia.go:18.54,25.2 5 1
github.com/arek-e/D7024E/app/internal/kademlia.go:31.54,36.2 3 1
github.com/arek-e/D7024E/app/internal/kademlia.go:38.89,39.34 1 1
github.com/arek-e/D7024E/app/internal/kademlia.go:40.19,43.34 2 1
github.com/arek-e/D7024E/app/internal/kademlia.go:45.14,48.24 2 1
github.com/arek-e/D7024E/app/internal/kademlia.go:50.10,51.29 1 1
github.com/arek-e/D7024E/app/internal/kademlia.go:56.81,68.29 6 1
github.com/arek-e/D7024E/app/internal/kademlia.go:68.29,71.3 1 1
github.com/arek-e/D7024E/app/internal/kademlia.go:71.8,73.30 1 0
github.com/arek-e/D7024E/app/internal/kademlia.go:73.30,75.4 1 0
github.com/arek-e/D7024E/app/internal/kademlia.go:77.2,80.42 2 1
github.com/arek-e/D7024E/app/internal/kademlia.go:80.42,82.3 1 1
github.com/arek-e/D7024E/app/internal/kademlia.go:84.2,84.8 1 1
github.com/arek-e/D7024E/app/internal/kademlia.go:88.69,100.29 9 1
github.com/arek-e/D7024E/app/internal/kademlia.go:100.29,102.3 1 1
github.com/arek-e/D7024E/app/internal/kademlia.go:102.8,104.30 1 0
github.com/arek-e/D7024E/app/internal/kademlia.go:104.30,106.4 1 0
github.com/arek-e/D7024E/app/internal/kademlia.go:109.2,112.18 2 1
github.com/arek-e/D7024E/app/internal/kademlia.go:115.111,119.2 3 1
github.com/arek-e/D7024E/app/internal/kademlia.go:124.135,130.2 4 1
github.com/arek-e/D7024E/app/internal/kademlia.go:132.59,139.41 6 1
github.com/arek-e/D7024E/app/internal/kademlia.go:139.41,141.3 1 1
github.com/arek-e/D7024E/app/internal/kademlia.go:143.2,143.8 1 1
github.com/arek-e/D7024E/app/internal/kademlia.go:147.82,150.2 2 1
github.com/arek-e/D7024E/app/internal/kademliaid.go:15.45,19.32 3 1
github.com/arek-e/D7024E/app/internal/kademliaid.go:19.32,21.3 1 1
github.com/arek-e/D7024E/app/internal/kademliaid.go:23.2,23.23 1 1
github.com/arek-e/D7024E/app/internal/kademliaid.go:28.40,30.32 2 1
github.com/arek-e/D7024E/app/internal/kademliaid.go:30.32,32.3 1 1
github.com/arek-e/D7024E/app/internal/kademliaid.go:33.2,33.23 1 1
github.com/arek-e/D7024E/app/internal/kademliaid.go:37.69,38.32 1 1
github.com/arek-e/D7024E/app/internal/kademliaid.go:38.32,39.42 1 1
github.com/arek-e/D7024E/app/internal/kademliaid.go:39.42,41.4 1 1
github.com/arek-e/D7024E/app/internal/kademliaid.go:43.2,43.14 1 0
github.com/arek-e/D7024E/app/internal/kademliaid.go:47.71,48.32 1 1
github.com/arek-e/D7024E/app/internal/kademliaid.go:48.32,49.42 1 1
github.com/arek-e/D7024E/app/internal/kademliaid.go:49.42,51.4 1 1
github.com/arek-e/D7024E/app/internal/kademliaid.go:53.2,53.13 1 1
github.com/arek-e/D7024E/app/internal/kademliaid.go:58.75,60.32 2 1
github.com/arek-e/D7024E/app/internal/kademliaid.go:60.32,62.3 1 1
github.com/arek-e/D7024E/app/internal/kademliaid.go:63.2,63.16 1 1
github.com/arek-e/D7024E/app/internal/kademliaid.go:67.47,69.2 1 1
github.com/arek-e/D7024E/app/internal/network.go:17.53,21.16 3 1
github.com/arek-e/D7024E/app/internal/network.go:21.16,24.3 2 0
github.com/arek-e/D7024E/app/internal/network.go:25.2,31.6 4 1
github.com/arek-e/D7024E/app/internal/network.go:31.6,33.17 2 1
github.com/arek-e/D7024E/app/internal/network.go:33.17,35.12 2 0
github.com/arek-e/D7024E/app/internal/network.go:38.3,40.17 3 1
github.com/arek-e/D7024E/app/internal/network.go:40.17,42.12 2 0
github.com/arek-e/D7024E/app/internal/network.go:45.3,47.17 3 1
github.com/arek-e/D7024E/app/internal/network.go:47.17,49.12 2 0
github.com/arek-e/D7024E/app/internal/network.go:52.3,53.17 2 1
github.com/arek-e/D7024E/app/internal/network.go:53.17,55.12 2 0
github.com/arek-e/D7024E/app/internal/network.go:58.3,58.48 1 1
github.com/arek-e/D7024E/app/internal/network.go:62.77,64.16 2 1
github.com/arek-e/D7024E/app/internal/network.go:64.16,66.3 1 0
github.com/arek-e/D7024E/app/internal/network.go:69.89,71.16 2 1
github.com/arek-e/D7024E/app/internal/network.go:71.16,74.3 2 0
github.com/arek-e/D7024E/app/internal/network.go:76.2,77.16 2 1
github.com/arek-e/D7024E/app/internal/network.go:77.16,80.3 2 0
github.com/arek-e/D7024E/app/internal/network.go:82.2,88.16 3 1
github.com/arek-e/D7024E/app/internal/network.go:88.16,92.3 3 0
github.com/arek-e/D7024E/app/internal/network.go:94.2,95.16 2 1
github.com/arek-e/D7024E/app/internal/network.go:95.16,99.3 3 0
github.com/arek-e/D7024E/app/internal/network.go:101.2,101.18 1 1
github.com/arek-e/D7024E/app/internal/network.go:104.47,105.51 1 1
github.com/arek-e/D7024E/app/internal/network.go:105.51,107.3 1 0
github.com/arek-e/D7024E/app/internal/network.go:109.2,109.39 1 1
github.com/arek-e/D7024E/app/internal/network.go:109.39,111.3 1 1
github.com/arek-e/D7024E/app/internal/network.go:112.2,112.22 1 1
github.com/arek-e/D7024E/app/internal/network.go:113.21,114.38 1 1
github.com/arek-e/D7024E/app/internal/network.go:114.38,116.4 1 1
github.com/arek-e/D7024E/app/internal/network.go:117.22,118.39 1 1
github.com/arek-e/D7024E/app/internal/network.go:118.39,120.4 1 1
github.com/arek-e/D7024E/app/internal/network.go:121.28,122.45 1 1
github.com/arek-e/D7024E/app/internal/network.go:122.45,124.4 1 1
github.com/arek-e/D7024E/app/internal/network.go:125.25,126.42 1 1
github.com/arek-e/D7024E/app/internal/network.go:126.42,128.4 1 1
github.com/arek-e/D7024E/app/internal/network.go:131.2,131.14 1 1
github.com/arek-e/D7024E/app/internal/network.go:134.80,142.16 4 1
github.com/arek-e/D7024E/app/internal/network.go:142.16,144.3 1 0
github.com/arek-e/D7024E/app/internal/network.go:146.2,154.16 3 1
github.com/arek-e/D7024E/app/internal/network.go:154.16,156.3 1 1
github.com/arek-e/D7024E/app/internal/network.go:158.2,159.16 2 1
github.com/arek-e/D7024E/app/internal/network.go:159.16,161.3 1 0
github.com/arek-e/D7024E/app/internal/network.go:163.2,164.9 2 1
github.com/arek-e/D7024E/app/internal/network.go:164.9,166.3 1 0
github.com/arek-e/D7024E/app/internal/network.go:168.2,170.29 2 1
github.com/arek-e/D7024E/app/internal/network.go:173.89,181.16 4 1
github.com/arek-e/D7024E/app/internal/network.go:181.16,183.3 1 0
github.com/arek-e/D7024E/app/internal/network.go:185.2,193.16 3 1
github.com/arek-e/D7024E/app/internal/network.go:193.16,195.3 1 0
github.com/arek-e/D7024E/app/internal/network.go:197.2,198.16 2 1
github.com/arek-e/D7024E/app/internal/network.go:198.16,200.3 1 0
github.com/arek-e/D7024E/app/internal/network.go:202.2,203.9 2 1
github.com/arek-e/D7024E/app/internal/network.go:203.9,205.3 1 0
github.com/arek-e/D7024E/app/internal/network.go:209.2,209.35 1 1
github.com/arek-e/D7024E/app/internal/network.go:212.105,218.16 3 1
github.com/arek-e/D7024E/app/internal/network.go:218.16,220.3 1 0
github.com/arek-e/D7024E/app/internal/network.go:222.2,230.16 3 1
github.com/arek-e/D7024E/app/internal/network.go:230.16,232.3 1 1
github.com/arek-e/D7024E/app/internal/network.go:234.2,235.16 2 1
github.com/arek-e/D7024E/app/internal/network.go:235.16,237.3 1 0
github.com/arek-e/D7024E/app/internal/network.go:239.2,240.9 2 1
github.com/arek-e/D7024E/app/internal/network.go:240.9,242.3 1 0
github.com/arek-e/D7024E/app/internal/network.go:244.2,246.22 2 1
github.com/arek-e/D7024E/app/internal/network.go:249.112,255.16 3 1
github.com/arek-e/D7024E/app/internal/network.go:255.16,257.3 1 0
github.com/arek-e/D7024E/app/internal/network.go:259.2,267.16 3 1
github.com/arek-e/D7024E/app/internal/network.go:267.16,270.3 2 0
github.com/arek-e/D7024E/app/internal/network.go:272.2,273.16 2 1
github.com/arek-e/D7024E/app/internal/network.go:273.16,275.3 1 0
github.com/arek-e/D7024E/app/internal/network.go:277.2,278.9 2 1
github.com/arek-e/D7024E/app/internal/network.go:278.9,280.3 1 0
github.com/arek-e/D7024E/app/internal/network.go:282.2,284.64 2 1
github.com/arek-e/D7024E/app/internal/routingtable.go:13.48,15.34 2 1
github.com/arek-e/D7024E/app/internal/routingtable.go:15.34,17.3 1 1
github.com/arek-e/D7024E/app/internal/routingtable.go:18.2,19.21 2 1
github.com/arek-e/D7024E/app/internal/routingtable.go:23.63,27.2 3 1
github.com/arek-e/D7024E/app/internal/routingtable.go:29.66,33.2 3 0
github.com/arek-e/D7024E/app/internal/routingtable.go:36.96,43.98 5 1
github.com/arek-e/D7024E/app/internal/routingtable.go:43.98,44.25 1 1
github.com/arek-e/D7024E/app/internal/routingtable.go:44.25,47.4 2 1
github.com/arek-e/D7024E/app/internal/routingtable.go:48.3,48.33 1 1
github.com/arek-e/D7024E/app/internal/routingtable.go:48.33,51.4 2 1
github.com/arek-e/D7024E/app/internal/routingtable.go:54.2,56.30 2 1
github.com/arek-e/D7024E/app/internal/routingtable.go:56.30,58.3 1 1
github.com/arek-e/D7024E/app/internal/routingtable.go:60.2,60.38 1 1
github.com/arek-e/D7024E/app/internal/routingtable.go:64.70,66.32 2 1
github.com/arek-e/D7024E/app/internal/routingtable.go:66.32,67.26 1 1
github.com/arek-e/D7024E/app/internal/routingtable.go:67.26,68.42 1 1
github.com/arek-e/D7024E/app/internal/routingtable.go:68.42,70.5 1 1
github.com/arek-e/D7024E/app/internal/routingtable.go:74.2,74.23 1 1
github.com/arek-e/D7024E/app/internal/rpc.go:52.44,54.16 2 1
github.com/arek-e/D7024E/app/internal/rpc.go:54.16,56.3 1 0
github.com/arek-e/D7024E/app/internal/rpc.go:57.2,57.18 1 1
github.com/arek-e/D7024E/app/internal/rpc.go:60.47,62.51 2 1
github.com/arek-e/D7024E/app/internal/rpc.go:62.51,64.3 1 0
github.com/arek-e/D7024E/app/internal/rpc.go:66.2,66.17 1 1
github.com/arek-e/D7024E/app/internal/rpc.go:69.69,71.22 2 1
github.com/arek-e/D7024E/app/internal/rpc.go:72.21,74.64 2 1
github.com/arek-e/D7024E/app/internal/rpc.go:74.64,77.4 2 0
github.com/arek-e/D7024E/app/internal/rpc.go:78.3,85.17 4 1
github.com/arek-e/D7024E/app/internal/rpc.go:85.17,88.4 2 0
github.com/arek-e/D7024E/app/internal/rpc.go:90.3,95.4 1 1
github.com/arek-e/D7024E/app/internal/rpc.go:97.28,99.71 2 1
github.com/arek-e/D7024E/app/internal/rpc.go:99.71,102.4 2 0
github.com/arek-e/D7024E/app/internal/rpc.go:103.3,111.17 5 1
github.com/arek-e/D7024E/app/internal/rpc.go:111.17,114.4 2 0
github.com/arek-e/D7024E/app/internal/rpc.go:116.3,121.4 1 1
github.com/arek-e/D7024E/app/internal/rpc.go:123.22,125.65 2 1
github.com/arek-e/D7024E/app/internal/rpc.go:125.65,128.4 2 0
github.com/arek-e/D7024E/app/internal/rpc.go:130.3,137.17 4 1
github.com/arek-e/D7024E/app/internal/rpc.go:137.17,140.4 2 0
github.com/arek-e/D7024E/app/internal/rpc.go:142.3,147.4 1 1
github.com/arek-e/D7024E/app/internal/rpc.go:149.25,151.68 2 1
github.com/arek-e/D7024E/app/internal/rpc.go:151.68,154.4 2 0
github.com/arek-e/D7024E/app/internal/rpc.go:155.3,159.16 4 1
github.com/arek-e/D7024E/app/internal/rpc.go:159.16,166.18 3 1
github.com/arek-e/D7024E/app/internal/rpc.go:166.18,169.5 2 0
github.com/arek-e/D7024E/app/internal/rpc.go:171.4,178.24 2 1
github.com/arek-e/D7024E/app/internal/rpc.go:183.3,190.17 4 1
github.com/arek-e/D7024E/app/internal/rpc.go:190.17,193.4 2 0
github.com/arek-e/D7024E/app/internal/rpc.go:195.3,200.4 1 1
github.com/arek-e/D7024E/app/internal/rpc.go:202.10,204.55 2 1
github.com/arek-e/D7024E/app/internal/rpc.go:206.2,206.22 1 1
github.com/arek-e/D7024E/app/internal/rpc.go:209.83,210.26 1 1
github.com/arek-e/D7024E/app/internal/rpc.go:211.22,213.73 2 1
github.com/arek-e/D7024E/app/internal/rpc.go:213.73,215.4 1 0
github.com/arek-e/D7024E/app/internal/rpc.go:216.3,216.27 1 1
github.com/arek-e/D7024E/app/internal/rpc.go:218.29,220.80 2 1
github.com/arek-e/D7024E/app/internal/rpc.go:220.80,222.4 1 0
github.com/arek-e/D7024E/app/internal/rpc.go:223.3,223.34 1 1
github.com/arek-e/D7024E/app/internal/rpc.go:225.23,227.74 2 1
github.com/arek-e/D7024E/app/internal/rpc.go:227.74,229.4 1 0
github.com/arek-e/D7024E/app/internal/rpc.go:230.3,230.28 1 1
github.com/arek-e/D7024E/app/internal/rpc.go:232.26,234.77 2 1
github.com/arek-e/D7024E/app/internal/rpc.go:234.77,236.4 1 0
github.com/arek-e/D7024E/app/internal/rpc.go:237.3,237.31 1 1
github.com/arek-e/D7024E/app/internal/rpc.go:239.10,240.77 1 0
github.com/arek-e/D7024E/app/internal/rpc.go:244.87,246.16 2 1
github.com/arek-e/D7024E/app/internal/rpc.go:246.16,248.3 1 0
github.com/arek-e/D7024E/app/internal/rpc.go:250.2,251.16 2 1
github.com/arek-e/D7024E/app/internal/rpc.go:251.16,253.3 1 0
github.com/arek-e/D7024E/app/internal/rpc.go:254.2,260.12 4 1
github.com/arek-e/D7024E/app/internal/rpc.go:260.12,263.17 3 1
github.com/arek-e/D7024E/app/internal/rpc.go:263.17,266.4 2 1
github.com/arek-e/D7024E/app/internal/rpc.go:269.3,270.17 2 1
github.com/arek-e/D7024E/app/internal/rpc.go:270.17,273.4 2 0
github.com/arek-e/D7024E/app/internal/rpc.go:275.3,275.40 1 1
github.com/arek-e/D7024E/app/internal/rpc.go:275.40,277.4 1 1
github.com/arek-e/D7024E/app/internal/rpc.go:279.3,279.33 1 1
github.com/arek-e/D7024E/app/internal/rpc.go:283.2,283.9 1 1
github.com/arek-e/D7024E/app/internal/rpc.go:284.34,285.23 1 1
github.com/arek-e/D7024E/app/internal/rpc.go:286.26,287.20 1 1
github.com/arek-e/D7024E/app/internal/rpc.go:288.44,290.69 2 0
github.com/arek-e/D7024E/app/internal/shortlist.go:18.86,22.32 3 1
github.com/arek-e/D7024E/app/internal/shortlist.go:22.32,25.3 2 1
github.com/arek-e/D7024E/app/internal/shortlist.go:26.2,26.8 1 1
github.com/arek-e/D7024E/app/internal/shortlist.go:29.88,32.35 3 1
github.com/arek-e/D7024E/app/internal/shortlist.go:32.35,35.3 2 1
github.com/arek-e/D7024E/app/internal/shortlist.go:36.2,48.41 7 1
github.com/arek-e/D7024E/app/internal/shortlist.go:48.41,50.3 1 1
github.com/arek-e/D7024E/app/internal/shortlist.go:50.8,52.3 1 1
github.com/arek-e/D7024E/app/internal/shortlist.go:55.120,57.6 2 1
github.com/arek-e/D7024E/app/internal/shortlist.go:57.6,60.24 3 1
github.com/arek-e/D7024E/app/internal/shortlist.go:60.24,62.4 1 1
github.com/arek-e/D7024E/app/internal/shortlist.go:62.9,67.4 4 1
github.com/arek-e/D7024E/app/internal/shortlist.go:68.3,69.11 2 1
github.com/arek-e/D7024E/app/internal/shortlist.go:69.11,71.4 1 1
github.com/arek-e/D7024E/app/internal/shortlist.go:71.9,73.4 1 1
github.com/arek-e/D7024E/app/internal/shortlist.go:77.176,78.6 1 1
github.com/arek-e/D7024E/app/internal/shortlist.go:78.6,84.24 4 1
github.com/arek-e/D7024E/app/internal/shortlist.go:84.24,86.4 1 1
github.com/arek-e/D7024E/app/internal/shortlist.go:88.3,90.11 3 1
github.com/arek-e/D7024E/app/internal/shortlist.go:90.11,92.4 1 1
github.com/arek-e/D7024E/app/internal/shortlist.go:92.9,94.4 1 1
github.com/arek-e/D7024E/app/internal/shortlist.go:98.62,101.39 3 1
github.com/arek-e/D7024E/app/internal/shortlist.go:101.39,102.17 1 1
github.com/arek-e/D7024E/app/internal/shortlist.go:102.17,106.9 4 1
github.com/arek-e/D7024E/app/internal/shortlist.go:109.2,109.23 1 1
github.com/arek-e/D7024E/app/internal/shortlist.go:113.62,114.40 1 1
github.com/arek-e/D7024E/app/internal/shortlist.go:114.40,116.45 2 1
github.com/arek-e/D7024E/app/internal/shortlist.go:116.45,117.54 1 1
github.com/arek-e/D7024E/app/internal/shortlist.go:117.54,119.10 2 1
github.com/arek-e/D7024E/app/internal/shortlist.go:122.3,122.10 1 1
github.com/arek-e/D7024E/app/internal/shortlist.go:122.10,124.4 1 1
github.com/arek-e/D7024E/app/internal/shortlist.go:128.62,129.40 1 1
github.com/arek-e/D7024E/app/internal/shortlist.go:129.40,130.45 1 1
github.com/arek-e/D7024E/app/internal/shortlist.go:130.45,131.54 1 1
github.com/arek-e/D7024E/app/internal/shortlist.go:131.54,133.10 2 1
github.com/arek-e/D7024E/app/internal/shortlist.go:140.39,142.2 1 1
github.com/arek-e/D7024E/app/internal/shortlist.go:144.43,146.2 1 1
github.com/arek-e/D7024E/app/internal/shortlist.go:149.68,151.2 1 1
github.com/arek-e/D7024E/app/internal/shortlist.go:154.36,156.2 1 1
github.com/arek-e/D7024E/app/internal/shortlist.go:160.44,162.2 1 1
github.com/arek-e/D7024E/app/internal/shortlist.go:166.49,168.2 1 1
